0 info it worked if it ends with ok
1 verbose cli [ '/Users/work/.nvm/versions/node/v6.3.1/bin/node',
1 verbose cli   '/Users/work/.nvm/versions/node/v6.3.1/bin/npm',
1 verbose cli   'run',
1 verbose cli   'docs:watch' ]
2 info using npm@3.10.3
3 info using node@v6.3.1
4 verbose run-script [ 'predocs:watch', 'docs:watch', 'postdocs:watch' ]
5 info lifecycle Sputnik@1.0.0~predocs:watch: Sputnik@1.0.0
6 silly lifecycle Sputnik@1.0.0~predocs:watch: no script for predocs:watch, continuing
7 info lifecycle Sputnik@1.0.0~docs:watch: Sputnik@1.0.0
8 verbose lifecycle Sputnik@1.0.0~docs:watch: unsafe-perm in lifecycle true
9 verbose lifecycle Sputnik@1.0.0~docs:watch: PATH: /Users/work/.nvm/versions/node/v6.3.1/lib/node_modules/npm/bin/node-gyp-bin:/Users/work/Documents/sputnik/node_modules/.bin:/Users/work/.nvm/versions/node/v6.3.1/bin:/Users/work/.yarn/bin:/Users/work/.nvm/versions/node/v6.3.1/bin:/usr/local/bin:/usr/bin:/bin:/usr/sbin:/opt/local/bin:/opt/local/sbin:/sbin
10 verbose lifecycle Sputnik@1.0.0~docs:watch: CWD: /Users/work/Documents/sputnik
11 silly lifecycle Sputnik@1.0.0~docs:watch: Args: [ '-c', 'gitbook serve' ]
12 silly lifecycle Sputnik@1.0.0~docs:watch: Returned: code: 1  signal: null
13 info lifecycle Sputnik@1.0.0~docs:watch: Failed to exec docs:watch script
14 verbose stack Error: Sputnik@1.0.0 docs:watch: `gitbook serve`
14 verbose stack Exit status 1
14 verbose stack     at EventEmitter.<anonymous> (/Users/work/.nvm/versions/node/v6.3.1/lib/node_modules/npm/lib/utils/lifecycle.js:242:16)
14 verbose stack     at emitTwo (events.js:106:13)
14 verbose stack     at EventEmitter.emit (events.js:191:7)
14 verbose stack     at ChildProcess.<anonymous> (/Users/work/.nvm/versions/node/v6.3.1/lib/node_modules/npm/lib/utils/spawn.js:40:14)
14 verbose stack     at emitTwo (events.js:106:13)
14 verbose stack     at ChildProcess.emit (events.js:191:7)
14 verbose stack     at maybeClose (internal/child_process.js:852:16)
14 verbose stack     at Process.ChildProcess._handle.onexit (internal/child_process.js:215:5)
15 verbose pkgid Sputnik@1.0.0
16 verbose cwd /Users/work/Documents/sputnik
17 error Darwin 16.1.0
18 error argv "/Users/work/.nvm/versions/node/v6.3.1/bin/node" "/Users/work/.nvm/versions/node/v6.3.1/bin/npm" "run" "docs:watch"
19 error node v6.3.1
20 error npm  v3.10.3
21 error code ELIFECYCLE
22 error Sputnik@1.0.0 docs:watch: `gitbook serve`
22 error Exit status 1
23 error Failed at the Sputnik@1.0.0 docs:watch script 'gitbook serve'.
23 error Make sure you have the latest version of node.js and npm installed.
23 error If you do, this is most likely a problem with the Sputnik package,
23 error not with npm itself.
23 error Tell the author that this fails on your system:
23 error     gitbook serve
23 error You can get information on how to open an issue for this project with:
23 error     npm bugs Sputnik
23 error Or if that isn't available, you can get their info via:
23 error     npm owner ls Sputnik
23 error There is likely additional logging output above.
24 verbose exit [ 1, true ]
